2021-07-05T02:25:21+00:00 CRITICAL syntax error, unexpected end of file in D:\APP\XAMPP\htdocs\toyotangocanh\wp-content\themes\toyota-ngoc-anh\partials\header.php on line 16

2021-07-05T02:27:09+00:00 CRITICAL syntax error, unexpected end of file in D:\APP\XAMPP\htdocs\toyotangocanh\wp-content\themes\toyota-ngoc-anh\partials\header.php on line 16

2021-07-05T02:27:27+00:00 CRITICAL syntax error, unexpected end of file in D:\APP\XAMPP\htdocs\toyotangocanh\wp-content\themes\toyota-ngoc-anh\partials\header.php on line 16

2021-07-05T02:41:45+00:00 CRITICAL syntax error, unexpected end of file in D:\APP\XAMPP\htdocs\toyotangocanh\wp-content\themes\toyota-ngoc-anh\partials\header.php on line 16

2021-07-05T02:42:13+00:00 CRITICAL syntax error, unexpected end of file in D:\APP\XAMPP\htdocs\toyotangocanh\wp-content\themes\toyota-ngoc-anh\partials\header.php on line 16

2021-07-05T02:42:26+00:00 CRITICAL syntax error, unexpected end of file in D:\APP\XAMPP\htdocs\toyotangocanh\wp-content\themes\toyota-ngoc-anh\partials\header.php on line 16

2021-07-05T02:44:44+00:00 CRITICAL syntax error, unexpected end of file in D:\APP\XAMPP\htdocs\toyotangocanh\wp-content\themes\toyota-ngoc-anh\partials\header.php on line 16

2021-07-05T02:52:59+00:00 CRITICAL syntax error, unexpected end of file in D:\APP\XAMPP\htdocs\toyotangocanh\wp-content\themes\toyota-ngoc-anh\partials\header.php on line 16

2021-07-05T02:53:12+00:00 CRITICAL syntax error, unexpected end of file in D:\APP\XAMPP\htdocs\toyotangocanh\wp-content\themes\toyota-ngoc-anh\partials\header.php on line 16

2021-07-05T02:55:15+00:00 CRITICAL syntax error, unexpected end of file in D:\APP\XAMPP\htdocs\toyotangocanh\wp-content\themes\toyota-ngoc-anh\partials\header.php on line 16

2021-07-05T03:00:34+00:00 CRITICAL syntax error, unexpected end of file in D:\APP\XAMPP\htdocs\toyotangocanh\wp-content\themes\toyota-ngoc-anh\partials\child-header.php on line 16

2021-07-05T03:01:53+00:00 CRITICAL syntax error, unexpected end of file in D:\APP\XAMPP\htdocs\toyotangocanh\wp-content\themes\toyota-ngoc-anh\partials\child-header.php on line 16

2021-07-05T03:02:27+00:00 CRITICAL syntax error, unexpected end of file in D:\APP\XAMPP\htdocs\toyotangocanh\wp-content\themes\toyota-ngoc-anh\partials\child-header.php on line 16

2021-07-05T03:06:02+00:00 CRITICAL syntax error, unexpected end of file in D:\APP\XAMPP\htdocs\toyotangocanh\wp-content\themes\toyota-ngoc-anh\template-parts\child-header.php on line 16

2021-07-05T03:13:45+00:00 CRITICAL syntax error, unexpected end of file in D:\APP\XAMPP\htdocs\toyotangocanh\wp-content\themes\toyota-ngoc-anh\templates\template-parts\child-header.php on line 17

2021-07-05T03:13:58+00:00 CRITICAL syntax error, unexpected end of file in D:\APP\XAMPP\htdocs\toyotangocanh\wp-content\themes\toyota-ngoc-anh\templates\template-parts\child-header.php on line 17

2021-07-05T03:14:41+00:00 CRITICAL syntax error, unexpected end of file in D:\APP\XAMPP\htdocs\toyotangocanh\wp-content\themes\toyota-ngoc-anh\templates-child\template-parts\child-header.php on line 17

2021-07-05T03:17:51+00:00 CRITICAL syntax error, unexpected end of file in D:\APP\XAMPP\htdocs\toyotangocanh\wp-content\themes\toyota-ngoc-anh\templates\template-parts\child-header.php on line 17

2021-07-05T03:23:23+00:00 CRITICAL syntax error, unexpected end of file in D:\APP\XAMPP\htdocs\toyotangocanh\wp-content\themes\toyota-ngoc-anh\template-parts\child-header.php on line 17

2021-07-05T03:23:35+00:00 CRITICAL syntax error, unexpected end of file in D:\APP\XAMPP\htdocs\toyotangocanh\wp-content\themes\toyota-ngoc-anh\template-parts\child-header.php on line 17

2021-07-05T03:24:22+00:00 CRITICAL syntax error, unexpected end of file in D:\APP\XAMPP\htdocs\toyotangocanh\wp-content\themes\toyota-ngoc-anh\template-parts-aaa\child-header.php on line 17

2021-07-05T03:24:35+00:00 CRITICAL syntax error, unexpected end of file in D:\APP\XAMPP\htdocs\toyotangocanh\wp-content\themes\toyota-ngoc-anh\template-parts-aaa\child-header.php on line 17

2021-07-05T03:25:08+00:00 CRITICAL syntax error, unexpected end of file in D:\APP\XAMPP\htdocs\toyotangocanh\wp-content\themes\toyota-ngoc-anh\about-us.php on line 39

2021-07-05T03:25:51+00:00 CRITICAL syntax error, unexpected end of file in D:\APP\XAMPP\htdocs\toyotangocanh\wp-content\themes\toyota-ngoc-anh\about-us.php on line 39

2021-07-05T03:26:09+00:00 CRITICAL syntax error, unexpected end of file in D:\APP\XAMPP\htdocs\toyotangocanh\wp-content\themes\toyota-ngoc-anh\about-us.php on line 39

